********************************************************************************
Atom { Z = Cs; }
HartreeFock { 
  core = [Xe];
  valence = 6sp5d;
}
Grid { 
  r0 = 1e-6;
  rmax = 120.0;
  num_points = 3000;
}
Basis { 
  number = 50;
  order = 9;
  r0 = 1.0e-5;
  rmax = 40.0;
  states = 45spdfghi;
}
Correlations { n_min_core = 3; }

Running for Cs, Z=55 A=133
Fermi nucleus;  r_rms = 4.8041, c_hdr = 5.67073, t = 2.3
Log-linear (b=40) grid: 1e-06 -> 120.0, N=3000, du=0.288
========================================================
Hartree-Fock
Core   :  it: 28 eps=6.5e-14 for 5p+
Val    :  it:256 eps=3.7e-12 for 5d- [ 50 eps=0e+00 for 6s+]

Cs-133
Core: [Xe] V^N-1
     state  k   Rinf its   eps         En (au)        En (/cm)
0   1s_1/2 -1    0.6  2  3e-26 -1330.118941524  -291927364.360
1   2s_1/2 -1    1.6  2  2e-23  -212.564527797   -46652521.379
2   2p_1/2  1    1.7  2  8e-24  -199.429540775   -43769724.945
3   2p_3/2 -2    1.7  2  1e-23  -186.436648757   -40918114.758
4   3s_1/2 -1    3.5  2  9e-22   -45.969752858   -10089194.562
5   3p_1/2  1    3.7  2  6e-22   -40.448314089    -8877378.824
6   3p_3/2 -2    3.8  2  6e-22   -37.894319775    -8316841.863
7   3d_3/2  2    4.4  2  4e-22   -28.309518492    -6213221.135
8   3d_5/2 -3    4.5  2  4e-22   -27.775175008    -6095946.296
9   4s_1/2 -1    7.7  2  1e-20    -9.512818665    -2087822.370
10  4p_1/2  1    8.7  2  7e-21    -7.446283323    -1634270.287
11  4p_3/2 -2    9.0  2  8e-21    -6.920999090    -1518983.724
12  4d_3/2  2   12.9  2  5e-21    -3.485618919     -765004.927
13  4d_5/2 -3   13.0  2  5e-21    -3.396901438     -745533.691
14  5s_1/2 -1   19.9  2  6e-21    -1.489803410     -326974.054
15  5p_1/2  1   25.7  2  3e-21    -0.907896891     -199260.335
16  5p_3/2 -2   26.7  2  2e-21    -0.840338368     -184432.954
E_c = -7786.643799

Valence: CsI
     state  k   Rinf its   eps         En (au)        En (/cm)   En (/cm)
0   6s_1/2 -1   69.7  1  0e+00    -0.127368047      -27954.055       0.00
1   6p_1/2  1   86.0  1  0e+00    -0.085615846      -18790.506    9163.55
2   6p_3/2 -2   87.0  1  0e+00    -0.083785437      -18388.778    9565.28
3   5d_3/2  2  100.4  4  6e-16    -0.064419639      -14138.477   13815.58
4   5d_5/2 -3  100.4  1  0e+00    -0.064529772      -14162.648   13791.41

Constructing B-spline basis with N=50, k=9. Storing: 45spdfghi
Using Derevianko (Duel Kinetic Balance) type splines.
Spline cavity l=0 s: (1.0e-05, 40.0)aB.
Spline cavity l=1 p: (1.0e-05, 40.0)aB.
Spline cavity l=2 d: (1.0e-05, 40.0)aB.
Spline cavity l=3 f: (1.0e-05, 40.0)aB.
Spline cavity l=4 g: (1.0e-05, 40.0)aB.
Spline cavity l=5 h: (1.0e-05, 40.0)aB.
Spline cavity l=6 i: (1.0e-05, 40.0)aB.
Basis/core:
 |<3s+|3s+>-1| = 6.0e-07
 dE/E(5s+)     = 1.0e-05
 <3s+|25s+>    = 2.4e-04
Basis/valence:
 |<5d-|5d->-1| = 1.0e-07
 dE/E(6s+)     = 7.2e-06
 <5d-|21d->    = 1.3e-04
Basis: T = 754.95 ms

Including correlation potential:

Construct Correlation Potential
Using Goldstone method for direct/exchnage

Goldstone diagrams:
Basis: 45spdfghi
Including n ≥ 3 in internal hole states
Sigma sub-grid: r=(1.0e-04, 29.2)aB with 155 points. [i0=640, stride=12]

Form Σ for 6s+ at e = -0.1274
  de(6s+) = -4204.29 + 334.51 = -3869.78
Form Σ for 6p- at e = -0.0856
  de(6p-) = -1684.37 + 176.55 = -1507.82
Form Σ for 6p+ at e = -0.0838
  de(6p+) = -1514.18 + 162.49 = -1351.69
Form Σ for 5d- at e = -0.0644
  de(5d-) = -2694.75 + 265.51 = -2429.25
Form Σ for 5d+ at e = -0.0645
  de(5d+) = -2593.75 + 246.87 = -2346.88

Writing to Sigma file: Cs1.s2.abf ... done.
Sigma: T = 31.46 s

Solving for Brueckner orbitals (correlation potential)
 6s+  delta=-0.02029; eps=0e+00 [its= 37]
 6p-  delta=-0.00795; eps=0e+00 [its= 48]
 6p+  delta=-0.00706; eps=0e+00 [its= 33]
 5d-  delta=-0.01559; eps=5e-12 [its=256]
 5d+  delta=-0.01475; eps=0e+00 [its= 56]
Bru    :  it:256 eps=4.7e-12 for 5d- [ 37 eps=0e+00 for 6s+]
Brueckner: T = 501.61 ms

Brueckner orbitals:
Valence: CsI
     state  k   Rinf its   eps         En (au)        En (/cm)   En (/cm)
0   6s_1/2 -1   64.5  1  0e+00    -0.147660591      -32407.754       0.00
1   6p_1/2  1   82.1  1  0e+00    -0.093570131      -20536.270   11871.48
2   6p_3/2 -2   83.5  1  0e+00    -0.090843443      -19937.831   12469.92
3   5d_3/2  2   89.2  7  7e-16    -0.080009880      -17560.139   14847.61
4   5d_5/2 -3   89.8 99  3e-15    -0.079281102      -17400.191   15007.56

ampsci: T = 33.20 s
